<?xml version="1.0" encoding="UTF-8"?>
<!-- Generated by org.testng.reporters.JUnitReportReporter -->
<testsuite skipped="0" hostname="DESKTOP-LMCAMHI" name="com.leafBot.testcases.TC001_CreateLead" tests="2" failures="0" timestamp="07 Dec 2019 10:43:03 GMT" time="17.435" errors="0">
  <testcase name="runTC001" time="7.055" classname="com.leafBot.testcases.TC001_CreateLead"/>
  <testcase name="runTC001" time="10.380" classname="com.leafBot.testcases.TC001_CreateLead"/>
</testsuite> <!-- com.leafBot.testcases.TC001_CreateLead -->
